<?xml version="1.0" encoding="UTF-8"?>
<testng-results skipped="0" failed="0" ignored="0" total="1" passed="1">
  <reporter-output>
  </reporter-output>
  <suite name="Default suite" duration-ms="82462" started-at="2020-03-05T16:33:53 IST" finished-at="2020-03-05T16:35:15 IST">
    <groups>
    </groups>
    <test name="Default test" duration-ms="82462" started-at="2020-03-05T16:33:53 IST" finished-at="2020-03-05T16:35:15 IST">
      <class name="com.cts.test.LoginTest">
        <test-method status="PASS" signature="setUp(java.lang.String)[pri:0, instance:com.cts.test.LoginTest@30b8a058]" name="setUp" is-config="true" duration-ms="10175" started-at="2020-03-05T16:33:54 IST" finished-at="2020-03-05T16:34:04 IST">
          <params>
            <param index="0">
              <value>
                <![CDATA[ch]]>
              </value>
            </param>
          </params>
          <reporter-output>
          </reporter-output>
        </test-method> <!-- setUp -->
        <test-method status="PASS" signature="registrationTest(java.lang.String, java.lang.String, java.lang.String, java.lang.String, java.lang.String, java.lang.String)[pri:0, instance:com.cts.test.LoginTest@30b8a058]" name="registrationTest" duration-ms="69712" started-at="2020-03-05T16:34:04 IST" data-provider="RegisterData" finished-at="2020-03-05T16:35:14 IST">
          <params>
            <param index="0">
              <value>
                <![CDATA[standard_user]]>
              </value>
            </param>
            <param index="1">
              <value>
                <![CDATA[secret_sauce]]>
              </value>
            </param>
            <param index="2">
              <value>
                <![CDATA[anju]]>
              </value>
            </param>
            <param index="3">
              <value>
                <![CDATA[priya]]>
              </value>
            </param>
            <param index="4">
              <value>
                <![CDATA[523135]]>
              </value>
            </param>
            <param index="5">
              <value>
                <![CDATA[THANK YOU FOR YOUR ORDER]]>
              </value>
            </param>
          </params>
          <reporter-output>
          </reporter-output>
        </test-method> <!-- registrationTest -->
        <test-method status="PASS" signature="tearDown()[pri:0, instance:com.cts.test.LoginTest@30b8a058]" name="tearDown" is-config="true" duration-ms="1314" started-at="2020-03-05T16:35:14 IST" finished-at="2020-03-05T16:35:15 IST">
          <reporter-output>
          </reporter-output>
        </test-method> <!-- tearDown -->
      </class> <!-- com.cts.test.LoginTest -->
    </test> <!-- Default test -->
  </suite> <!-- Default suite -->
</testng-results>
